Traceback (most recent call last):
  File "D:\Perkuliahan\Semester 5\Poyek Sains Data\PSD-2\venv_py3.11\Lib\site-packages\jupyter_core\utils\__init__.py", line 154, in wrapped
    asyncio.get_running_loop()
RuntimeError: no running event loop

During handling of the above exception, another exception occurred:

Traceback (most recent call last):
  File "D:\Perkuliahan\Semester 5\Poyek Sains Data\PSD-2\venv_py3.11\Lib\site-packages\jupyter_cache\executors\utils.py", line 58, in single_nb_execution
    executenb(
  File "D:\Perkuliahan\Semester 5\Poyek Sains Data\PSD-2\venv_py3.11\Lib\site-packages\nbclient\client.py", line 1319, in execute
    return NotebookClient(nb=nb, resources=resources, km=km, **kwargs).execute()
           ^^^^^^^^^^^^^^^^^^^^^^^^^^^^^^^^^^^^^^^^^^^^^^^^^^^^^^^^^^^^^^^^^^^^^
  File "D:\Perkuliahan\Semester 5\Poyek Sains Data\PSD-2\venv_py3.11\Lib\site-packages\jupyter_core\utils\__init__.py", line 158, in wrapped
    return loop.run_until_complete(inner)
           ^^^^^^^^^^^^^^^^^^^^^^^^^^^^^^
  File "C:\Users\MyBook Z Series\AppData\Local\Python\pythoncore-3.11-64\Lib\asyncio\base_events.py", line 654, in run_until_complete
    return future.result()
           ^^^^^^^^^^^^^^^
  File "D:\Perkuliahan\Semester 5\Poyek Sains Data\PSD-2\venv_py3.11\Lib\site-packages\nbclient\client.py", line 709, in async_execute
    await self.async_execute_cell(
  File "D:\Perkuliahan\Semester 5\Poyek Sains Data\PSD-2\venv_py3.11\Lib\site-packages\nbclient\client.py", line 1062, in async_execute_cell
    await self._check_raise_for_error(cell, cell_index, exec_reply)
  File "D:\Perkuliahan\Semester 5\Poyek Sains Data\PSD-2\venv_py3.11\Lib\site-packages\nbclient\client.py", line 918, in _check_raise_for_error
    raise CellExecutionError.from_cell_and_msg(cell, exec_reply_content)
nbclient.exceptions.CellExecutionError: An error occurred while executing the following cell:
------------------
import os
import pandas as pd
from dotenv import load_dotenv
from sqlalchemy import create_engine
from pyod.models.abod import ABO
------------------


[31m---------------------------------------------------------------------------[39m
[31mImportError[39m                               Traceback (most recent call last)
[36mCell[39m[36m [39m[32mIn[1][39m[32m, line 5[39m
[32m      3[39m [38;5;28;01mfrom[39;00m[38;5;250m [39m[34;01mdotenv[39;00m[38;5;250m [39m[38;5;28;01mimport[39;00m load_dotenv
[32m      4[39m [38;5;28;01mfrom[39;00m[38;5;250m [39m[34;01msqlalchemy[39;00m[38;5;250m [39m[38;5;28;01mimport[39;00m create_engine
[32m----> [39m[32m5[39m [38;5;28;01mfrom[39;00m[38;5;250m [39m[34;01mpyod[39;00m[34;01m.[39;00m[34;01mmodels[39;00m[34;01m.[39;00m[34;01mabod[39;00m[38;5;250m [39m[38;5;28;01mimport[39;00m ABO

[31mImportError[39m: cannot import name 'ABO' from 'pyod.models.abod' (D:\Perkuliahan\Semester 5\Poyek Sains Data\PSD-2\venv_py3.11\Lib\site-packages\pyod\models\abod.py)

